<?xml version="1.0" encoding="UTF-8"?>
<!-- Generated by org.testng.reporters.JUnitXMLReporter -->
<testsuite hostname="DESKTOP-FQHLV6B" ignored="0" name="Command line test" tests="4" failures="0" timestamp="07 Aug 2022 15:15:57 GMT" time="0.871" errors="0">
  <testcase name="readingprop" time="0.803" classname="practiceForFetching.ReadingDatafromExcelTest"/>
  <testcase name="readingJsonfile" time="0.012" classname="practiceForFetching.ReadingDataFromjsonFileTest"/>
  <testcase name="readingprop" time="0.0" classname="practiceForFetching.ReadingDataFrompropTest"/>
  <testcase name="readingDataFromXml" time="0.003" classname="practiceForFetching.ReadingDatafromXmlFileTest"/>
</testsuite> <!-- Command line test -->
