<?xml version="1.0" encoding="UTF-8"?>
<testng-results skipped="0" failed="0" ignored="0" total="4" passed="4">
  <reporter-output>
  </reporter-output>
  <suite name="Command line suite" duration-ms="871" started-at="2022-08-07T15:15:56Z" finished-at="2022-08-07T15:15:57Z">
    <groups>
    </groups>
    <test name="Command line test" duration-ms="871" started-at="2022-08-07T15:15:56Z" finished-at="2022-08-07T15:15:57Z">
      <class name="practiceForFetching.ReadingDataFromjsonFileTest">
        <test-method status="PASS" signature="readingJsonfile()[pri:0, instance:practiceForFetching.ReadingDataFromjsonFileTest@7a5d012c]" name="readingJsonfile" duration-ms="12" started-at="2022-08-07T15:15:57Z" finished-at="2022-08-07T15:15:57Z">
          <reporter-output>
          </reporter-output>
        </test-method> <!-- readingJsonfile -->
      </class> <!-- practiceForFetching.ReadingDataFromjsonFileTest -->
      <class name="practiceForFetching.ReadingDataFrompropTest">
        <test-method status="PASS" signature="readingprop()[pri:0, instance:practiceForFetching.ReadingDataFrompropTest@3fb6a447]" name="readingprop" duration-ms="0" started-at="2022-08-07T15:15:57Z" finished-at="2022-08-07T15:15:57Z">
          <reporter-output>
          </reporter-output>
        </test-method> <!-- readingprop -->
      </class> <!-- practiceForFetching.ReadingDataFrompropTest -->
      <class name="practiceForFetching.ReadingDatafromExcelTest">
        <test-method status="PASS" signature="readingprop()[pri:0, instance:practiceForFetching.ReadingDatafromExcelTest@3cda1055]" name="readingprop" duration-ms="803" started-at="2022-08-07T15:15:56Z" finished-at="2022-08-07T15:15:57Z">
          <reporter-output>
          </reporter-output>
        </test-method> <!-- readingprop -->
      </class> <!-- practiceForFetching.ReadingDatafromExcelTest -->
      <class name="practiceForFetching.ReadingDatafromXmlFileTest">
        <test-method status="PASS" signature="readingDataFromXml(org.testng.xml.XmlTest)[pri:0, instance:practiceForFetching.ReadingDatafromXmlFileTest@79b4d0f]" name="readingDataFromXml" duration-ms="3" started-at="2022-08-07T15:15:57Z" finished-at="2022-08-07T15:15:57Z">
          <params>
            <param index="0">
              <value>
                <![CDATA[org.testng.xml.XmlTest@183c54ac]]>
              </value>
            </param>
          </params>
          <reporter-output>
          </reporter-output>
        </test-method> <!-- readingDataFromXml -->
      </class> <!-- practiceForFetching.ReadingDatafromXmlFileTest -->
    </test> <!-- Command line test -->
  </suite> <!-- Command line suite -->
</testng-results>
