<?xml version="1.0" encoding="UTF-8"?>
<testng-results skipped="0" failed="1" ignored="0" total="1" passed="0">
  <reporter-output>
  </reporter-output>
  <suite name="Default suite" duration-ms="3923" started-at="2022-10-06T21:18:58 IST" finished-at="2022-10-06T21:19:02 IST">
    <groups>
    </groups>
    <test name="Default test" duration-ms="3923" started-at="2022-10-06T21:18:58 IST" finished-at="2022-10-06T21:19:02 IST">
      <class name="practisePackage.ToolTipConcept">
        <test-method status="FAIL" signature="tConcept()[pri:0, instance:practisePackage.ToolTipConcept@30a3107a]" name="tConcept" duration-ms="3816" started-at="2022-10-06T21:18:58 IST" finished-at="2022-10-06T21:19:02 IST">
          <exception class="org.openqa.selenium.SessionNotCreatedException">
            <message>
              <![CDATA[session not created: This version of ChromeDriver only supports Chrome version 103
Current browser version is 106.0.5249.103 with binary path C:\Program Files (x86)\Google\Chrome\Application\chrome.exe
Build info: version: '3.141.59', revision: 'e82be7d358', time: '2018-11-14T08:17:03'
System info: host: 'DESKTOP-FQHLV6B', ip: '192.168.150.1', os.name: 'Windows 10', os.arch: 'amd64', os.version: '10.0', java.version: '1.8.0_301'
Driver info: driver.version: ChromeDriver
remote stacktrace: Backtrace:
Ordinal0 [0x00BE6463+2188387]
Ordinal0 [0x00B7E461+1762401]
Ordinal0 [0x00A93D78+802168]
Ordinal0 [0x00AB4E59+937561]
Ordinal0 [0x00AB0A6C+920172]
Ordinal0 [0x00AAE331+910129]
Ordinal0 [0x00AE1430+1119280]
Ordinal0 [0x00AE108A+1118346]
Ordinal0 [0x00ADC5F6+1099254]
Ordinal0 [0x00AB6BE0+945120]
Ordinal0 [0x00AB7AD6+948950]
GetHandleVerifier [0x00E871F2+2712546]
GetHandleVerifier [0x00E7886D+2652765]
GetHandleVerifier [0x00C7002A+520730]
GetHandleVerifier [0x00C6EE06+516086]
Ordinal0 [0x00B8468B+1787531]
Ordinal0 [0x00B88E88+1805960]
Ordinal0 [0x00B88F75+1806197]
Ordinal0 [0x00B91DF1+1842673]
BaseThreadInitThunk [0x75FAFA29+25]
RtlGetAppContainerNamedObjectPath [0x77A77B5E+286]
RtlGetAppContainerNamedObjectPath [0x77A77B2E+238]
]]>
            </message>
            <full-stacktrace>
              <![CDATA[org.openqa.selenium.SessionNotCreatedException: session not created: This version of ChromeDriver only supports Chrome version 103
Current browser version is 106.0.5249.103 with binary path C:\Program Files (x86)\Google\Chrome\Application\chrome.exe
Build info: version: '3.141.59', revision: 'e82be7d358', time: '2018-11-14T08:17:03'
System info: host: 'DESKTOP-FQHLV6B', ip: '192.168.150.1', os.name: 'Windows 10', os.arch: 'amd64', os.version: '10.0', java.version: '1.8.0_301'
Driver info: driver.version: ChromeDriver
remote stacktrace: Backtrace:
Ordinal0 [0x00BE6463+2188387]
Ordinal0 [0x00B7E461+1762401]
Ordinal0 [0x00A93D78+802168]
Ordinal0 [0x00AB4E59+937561]
Ordinal0 [0x00AB0A6C+920172]
Ordinal0 [0x00AAE331+910129]
Ordinal0 [0x00AE1430+1119280]
Ordinal0 [0x00AE108A+1118346]
Ordinal0 [0x00ADC5F6+1099254]
Ordinal0 [0x00AB6BE0+945120]
Ordinal0 [0x00AB7AD6+948950]
GetHandleVerifier [0x00E871F2+2712546]
GetHandleVerifier [0x00E7886D+2652765]
GetHandleVerifier [0x00C7002A+520730]
GetHandleVerifier [0x00C6EE06+516086]
Ordinal0 [0x00B8468B+1787531]
Ordinal0 [0x00B88E88+1805960]
Ordinal0 [0x00B88F75+1806197]
Ordinal0 [0x00B91DF1+1842673]
BaseThreadInitThunk [0x75FAFA29+25]
RtlGetAppContainerNamedObjectPath [0x77A77B5E+286]
RtlGetAppContainerNamedObjectPath [0x77A77B2E+238]

at sun.reflect.NativeConstructorAccessorImpl.newInstance0(Native Method)
at sun.reflect.NativeConstructorAccessorImpl.newInstance(Unknown Source)
at sun.reflect.DelegatingConstructorAccessorImpl.newInstance(Unknown Source)
at java.lang.reflect.Constructor.newInstance(Unknown Source)
at org.openqa.selenium.remote.W3CHandshakeResponse.lambda$errorHandler$0(W3CHandshakeResponse.java:62)
at org.openqa.selenium.remote.HandshakeResponse.lambda$getResponseFunction$0(HandshakeResponse.java:30)
at org.openqa.selenium.remote.ProtocolHandshake.lambda$createSession$0(ProtocolHandshake.java:126)
at java.util.stream.ReferencePipeline$3$1.accept(Unknown Source)
at java.util.Spliterators$ArraySpliterator.tryAdvance(Unknown Source)
at java.util.stream.ReferencePipeline.forEachWithCancel(Unknown Source)
at java.util.stream.AbstractPipeline.copyIntoWithCancel(Unknown Source)
at java.util.stream.AbstractPipeline.copyInto(Unknown Source)
at java.util.stream.AbstractPipeline.wrapAndCopyInto(Unknown Source)
at java.util.stream.FindOps$FindOp.evaluateSequential(Unknown Source)
at java.util.stream.AbstractPipeline.evaluate(Unknown Source)
at java.util.stream.ReferencePipeline.findFirst(Unknown Source)
at org.openqa.selenium.remote.ProtocolHandshake.createSession(ProtocolHandshake.java:128)
at org.openqa.selenium.remote.ProtocolHandshake.createSession(ProtocolHandshake.java:74)
at org.openqa.selenium.remote.HttpCommandExecutor.execute(HttpCommandExecutor.java:136)
at org.openqa.selenium.remote.service.DriverCommandExecutor.execute(DriverCommandExecutor.java:83)
at org.openqa.selenium.remote.RemoteWebDriver.execute(RemoteWebDriver.java:552)
at org.openqa.selenium.remote.RemoteWebDriver.startSession(RemoteWebDriver.java:213)
at org.openqa.selenium.remote.RemoteWebDriver.<init>(RemoteWebDriver.java:131)
at org.openqa.selenium.chrome.ChromeDriver.<init>(ChromeDriver.java:181)
at org.openqa.selenium.chrome.ChromeDriver.<init>(ChromeDriver.java:168)
at org.openqa.selenium.chrome.ChromeDriver.<init>(ChromeDriver.java:123)
at practisePackage.ToolTipConcept.tConcept(ToolTipConcept.java:14)
at sun.reflect.NativeMethodAccessorImpl.invoke0(Native Method)
at sun.reflect.NativeMethodAccessorImpl.invoke(Unknown Source)
at sun.reflect.DelegatingMethodAccessorImpl.invoke(Unknown Source)
at java.lang.reflect.Method.invoke(Unknown Source)
at org.testng.internal.MethodInvocationHelper.invokeMethod(MethodInvocationHelper.java:133)
at org.testng.internal.TestInvoker.invokeMethod(TestInvoker.java:598)
at org.testng.internal.TestInvoker.invokeTestMethod(TestInvoker.java:173)
at org.testng.internal.MethodRunner.runInSequence(MethodRunner.java:46)
at org.testng.internal.TestInvoker$MethodInvocationAgent.invoke(TestInvoker.java:824)
at org.testng.internal.TestInvoker.invokeTestMethods(TestInvoker.java:146)
at org.testng.internal.TestMethodWorker.invokeTestMethods(TestMethodWorker.java:146)
at org.testng.internal.TestMethodWorker.run(TestMethodWorker.java:128)
at java.util.ArrayList.forEach(Unknown Source)
at org.testng.TestRunner.privateRun(TestRunner.java:794)
at org.testng.TestRunner.run(TestRunner.java:596)
at org.testng.SuiteRunner.runTest(SuiteRunner.java:377)
at org.testng.SuiteRunner.runSequentially(SuiteRunner.java:371)
at org.testng.SuiteRunner.privateRun(SuiteRunner.java:332)
at org.testng.SuiteRunner.run(SuiteRunner.java:276)
at org.testng.SuiteRunnerWorker.runSuite(SuiteRunnerWorker.java:53)
at org.testng.SuiteRunnerWorker.run(SuiteRunnerWorker.java:96)
at org.testng.TestNG.runSuitesSequentially(TestNG.java:1212)
at org.testng.TestNG.runSuitesLocally(TestNG.java:1134)
at org.testng.TestNG.runSuites(TestNG.java:1063)
at org.testng.TestNG.run(TestNG.java:1031)
at org.testng.remote.AbstractRemoteTestNG.run(AbstractRemoteTestNG.java:115)
at org.testng.remote.RemoteTestNG.initAndRun(RemoteTestNG.java:251)
at org.testng.remote.RemoteTestNG.main(RemoteTestNG.java:77)
]]>
            </full-stacktrace>
          </exception> <!-- org.openqa.selenium.SessionNotCreatedException -->
          <reporter-output>
          </reporter-output>
        </test-method> <!-- tConcept -->
      </class> <!-- practisePackage.ToolTipConcept -->
    </test> <!-- Default test -->
  </suite> <!-- Default suite -->
</testng-results>
